-------------------------------------------------------------------------------
Test set: org.mariadb.jdbc.PasswordEncodingTest
-------------------------------------------------------------------------------
Tests run: 1, Failures: 1, Errors: 0, Skipped: 0, Time elapsed: 0.066 sec <<< FAILURE! - in org.mariadb.jdbc.PasswordEncodingTest
testPwdCharset(org.mariadb.jdbc.PasswordEncodingTest)  Time elapsed: 0.064 sec  <<< FAILURE!
java.lang.AssertionError: must have not have failed for charsetName=UTF-8 which is java default
	at org.junit.Assert.fail(Assert.java:88)
	at org.mariadb.jdbc.PasswordEncodingTest.testPwdCharset(PasswordEncodingTest.java:38)

