<?xml version="1.0" encoding="UTF-8"?>
<testsuite name="org.mariadb.jdbc.SslTest" time="0" tests="35" errors="0" skipped="35" failures="0">
  <properties>
[...]
</properties>
  <testcase name="wrongCipherForTls11" classname="org.mariadb.jdbc.SslTest" time="0">
    <skipped/>
    <system-out><![CDATA[start test : org.mariadb.jdbc.SslTest.wrongCipherForTls11
]]></system-out>
  </testcase>
  <testcase name="testTruststoreAndClientKeystoreWrongPassword" classname="org.mariadb.jdbc.SslTest" time="0">
    <skipped/>
    <system-out><![CDATA[start test : org.mariadb.jdbc.SslTest.testTruststoreAndClientKeystoreWrongPassword
]]></system-out>
  </testcase>
  <testcase name="useSslForceTlsV11" classname="org.mariadb.jdbc.SslTest" time="0">
    <skipped/>
    <system-out><![CDATA[start test : org.mariadb.jdbc.SslTest.useSslForceTlsV11
]]></system-out>
  </testcase>
  <testcase name="useSslForceTlsV12" classname="org.mariadb.jdbc.SslTest" time="0">
    <skipped/>
    <system-out><![CDATA[start test : org.mariadb.jdbc.SslTest.useSslForceTlsV12
]]></system-out>
  </testcase>
  <testcase name="testTruststoreWithWrongCert" classname="org.mariadb.jdbc.SslTest" time="0">
    <skipped/>
    <system-out><![CDATA[start test : org.mariadb.jdbc.SslTest.testTruststoreWithWrongCert
]]></system-out>
  </testcase>
  <testcase name="testServerCertFile" classname="org.mariadb.jdbc.SslTest" time="0">
    <skipped/>
    <system-out><![CDATA[start test : org.mariadb.jdbc.SslTest.testServerCertFile
]]></system-out>
  </testcase>
  <testcase name="testTruststore" classname="org.mariadb.jdbc.SslTest" time="0">
    <skipped/>
    <system-out><![CDATA[start test : org.mariadb.jdbc.SslTest.testTruststore
]]></system-out>
  </testcase>
  <testcase name="testServerCertClasspathFile" classname="org.mariadb.jdbc.SslTest" time="0">
    <skipped/>
    <system-out><![CDATA[start test : org.mariadb.jdbc.SslTest.testServerCertClasspathFile
]]></system-out>
  </testcase>
  <testcase name="testServerCertString" classname="org.mariadb.jdbc.SslTest" time="0">
    <skipped/>
    <system-out><![CDATA[start test : org.mariadb.jdbc.SslTest.testServerCertString
]]></system-out>
  </testcase>
  <testcase name="wrongCipherMysqlOptionCompatibility" classname="org.mariadb.jdbc.SslTest" time="0">
    <skipped/>
    <system-out><![CDATA[start test : org.mariadb.jdbc.SslTest.wrongCipherMysqlOptionCompatibility
]]></system-out>
  </testcase>
  <testcase name="useSslForceTlsV1" classname="org.mariadb.jdbc.SslTest" time="0">
    <skipped/>
    <system-out><![CDATA[start test : org.mariadb.jdbc.SslTest.useSslForceTlsV1
]]></system-out>
  </testcase>
  <testcase name="wrongCipher" classname="org.mariadb.jdbc.SslTest" time="0">
    <skipped/>
    <system-out><![CDATA[start test : org.mariadb.jdbc.SslTest.wrongCipher
]]></system-out>
  </testcase>
  <testcase name="testUnknownProtocol" classname="org.mariadb.jdbc.SslTest" time="0">
    <skipped/>
    <system-out><![CDATA[start test : org.mariadb.jdbc.SslTest.testUnknownProtocol
]]></system-out>
  </testcase>
  <testcase name="conc71" classname="org.mariadb.jdbc.SslTest" time="0">
    <skipped/>
    <system-out><![CDATA[start test : org.mariadb.jdbc.SslTest.conc71
]]></system-out>
  </testcase>
  <testcase name="testAliases" classname="org.mariadb.jdbc.SslTest" time="0">
    <skipped/>
    <system-out><![CDATA[start test : org.mariadb.jdbc.SslTest.testAliases
]]></system-out>
  </testcase>
  <testcase name="testTrustStoreWithPassword" classname="org.mariadb.jdbc.SslTest" time="0">
    <skipped/>
    <system-out><![CDATA[start test : org.mariadb.jdbc.SslTest.testTrustStoreWithPassword
]]></system-out>
  </testcase>
  <testcase name="useSsl" classname="org.mariadb.jdbc.SslTest" time="0">
    <skipped/>
    <system-out><![CDATA[start test : org.mariadb.jdbc.SslTest.useSsl
]]></system-out>
  </testcase>
  <testcase name="useSslForceTlsV12AndCipher" classname="org.mariadb.jdbc.SslTest" time="0">
    <skipped/>
    <system-out><![CDATA[start test : org.mariadb.jdbc.SslTest.useSslForceTlsV12AndCipher
]]></system-out>
  </testcase>
  <testcase name="testBadOptionEnabledSslProtocolSuites" classname="org.mariadb.jdbc.SslTest" time="0">
    <skipped/>
    <system-out><![CDATA[start test : org.mariadb.jdbc.SslTest.testBadOptionEnabledSslProtocolSuites
]]></system-out>
  </testcase>
  <testcase name="testClientKeystore" classname="org.mariadb.jdbc.SslTest" time="0">
    <skipped/>
    <system-out><![CDATA[start test : org.mariadb.jdbc.SslTest.testClientKeystore
]]></system-out>
  </testcase>
  <testcase name="testClientKeyStoreProperties" classname="org.mariadb.jdbc.SslTest" time="0">
    <skipped/>
    <system-out><![CDATA[start test : org.mariadb.jdbc.SslTest.testClientKeyStoreProperties
]]></system-out>
  </testcase>
  <testcase name="testClientKeyStoreWithPrivateKeyPwd" classname="org.mariadb.jdbc.SslTest" time="0">
    <skipped/>
    <system-out><![CDATA[start test : org.mariadb.jdbc.SslTest.testClientKeyStoreWithPrivateKeyPwd
]]></system-out>
  </testcase>
  <testcase name="testWrongServerCert" classname="org.mariadb.jdbc.SslTest" time="0">
    <skipped/>
    <system-out><![CDATA[start test : org.mariadb.jdbc.SslTest.testWrongServerCert
]]></system-out>
  </testcase>
  <testcase name="testBadServerCertString" classname="org.mariadb.jdbc.SslTest" time="0">
    <skipped/>
    <system-out><![CDATA[start test : org.mariadb.jdbc.SslTest.testBadServerCertString
]]></system-out>
  </testcase>
  <testcase name="useSslForceTlsCombinationWithSpace" classname="org.mariadb.jdbc.SslTest" time="0">
    <skipped/>
    <system-out><![CDATA[start test : org.mariadb.jdbc.SslTest.useSslForceTlsCombinationWithSpace
]]></system-out>
  </testcase>
  <testcase name="testKeyStoreWithProperties" classname="org.mariadb.jdbc.SslTest" time="0">
    <skipped/>
    <system-out><![CDATA[start test : org.mariadb.jdbc.SslTest.testKeyStoreWithProperties
]]></system-out>
  </testcase>
  <testcase name="testTrustedServer" classname="org.mariadb.jdbc.SslTest" time="0">
    <skipped/>
    <system-out><![CDATA[start test : org.mariadb.jdbc.SslTest.testTrustedServer
]]></system-out>
  </testcase>
  <testcase name="testConnectNonSsl" classname="org.mariadb.jdbc.SslTest" time="0">
    <skipped/>
    <system-out><![CDATA[start test : org.mariadb.jdbc.SslTest.testConnectNonSsl
]]></system-out>
  </testcase>
  <testcase name="testServerRefuseProtocol" classname="org.mariadb.jdbc.SslTest" time="0">
    <skipped/>
    <system-out><![CDATA[start test : org.mariadb.jdbc.SslTest.testServerRefuseProtocol
]]></system-out>
  </testcase>
  <testcase name="useSslForceTlsCombinationWithOnlySpace" classname="org.mariadb.jdbc.SslTest" time="0">
    <skipped/>
    <system-out><![CDATA[start test : org.mariadb.jdbc.SslTest.useSslForceTlsCombinationWithOnlySpace
]]></system-out>
  </testcase>
  <testcase name="testTrustStoreWithPasswordProperties" classname="org.mariadb.jdbc.SslTest" time="0">
    <skipped/>
    <system-out><![CDATA[start test : org.mariadb.jdbc.SslTest.testTrustStoreWithPasswordProperties
]]></system-out>
  </testcase>
  <testcase name="testKeyStoreWhenServerTrustedWithProperties" classname="org.mariadb.jdbc.SslTest" time="0">
    <skipped/>
    <system-out><![CDATA[start test : org.mariadb.jdbc.SslTest.testKeyStoreWhenServerTrustedWithProperties
]]></system-out>
  </testcase>
  <testcase name="testTruststoreWithWrongPassword" classname="org.mariadb.jdbc.SslTest" time="0">
    <skipped/>
    <system-out><![CDATA[start test : org.mariadb.jdbc.SslTest.testTruststoreWithWrongPassword
]]></system-out>
  </testcase>
  <testcase name="useSslForceTlsCombination" classname="org.mariadb.jdbc.SslTest" time="0">
    <skipped/>
    <system-out><![CDATA[start test : org.mariadb.jdbc.SslTest.useSslForceTlsCombination
]]></system-out>
  </testcase>
  <testcase name="testTruststoreAndClientKeystore" classname="org.mariadb.jdbc.SslTest" time="0">
    <skipped/>
    <system-out><![CDATA[start test : org.mariadb.jdbc.SslTest.testTruststoreAndClientKeystore
]]></system-out>
  </testcase>
</testsuite>