<?xml version="1.0" encoding="UTF-8"?>
<testsuite name="org.mariadb.jdbc.JdbcParserTest" time="0.021" tests="28" errors="0" skipped="0" failures="0">
  <properties>
[...]
</properties>
  <testcase name="testAcceptsUrl" classname="org.mariadb.jdbc.JdbcParserTest" time="0"/>
  <testcase name="testJdbcParserWithoutDatabaseWithProperties" classname="org.mariadb.jdbc.JdbcParserTest" time="0"/>
  <testcase name="testOptionParseSlash" classname="org.mariadb.jdbc.JdbcParserTest" time="0.001"/>
  <testcase name="testJdbcParserSimpleIpv4basic" classname="org.mariadb.jdbc.JdbcParserTest" time="0"/>
  <testcase name="testMariaAlias" classname="org.mariadb.jdbc.JdbcParserTest" time="0.001"/>
  <testcase name="testJdbcParserHaModeNone" classname="org.mariadb.jdbc.JdbcParserTest" time="0"/>
  <testcase name="testJdbcParserSimpleIpv4basicwithoutDatabase" classname="org.mariadb.jdbc.JdbcParserTest" time="0.001"/>
  <testcase name="testOptionParse" classname="org.mariadb.jdbc.JdbcParserTest" time="0"/>
  <testcase name="testJdbcParserHaModeLoadAurora" classname="org.mariadb.jdbc.JdbcParserTest" time="0.001"/>
  <testcase name="testJdbcParserSimpleIpv4basicError" classname="org.mariadb.jdbc.JdbcParserTest" time="0"/>
  <testcase name="testJdbcParserSimpleIpv4" classname="org.mariadb.jdbc.JdbcParserTest" time="0"/>
  <testcase name="testJdbcParserSimpleIpv6" classname="org.mariadb.jdbc.JdbcParserTest" time="0.001"/>
  <testcase name="testJdbcParserHaModeLoadReplication" classname="org.mariadb.jdbc.JdbcParserTest" time="0"/>
  <testcase name="testJdbcParserSimpleIpv4PropertiesReversedOrder" classname="org.mariadb.jdbc.JdbcParserTest" time="0.001"/>
  <testcase name="testNAmePipeUrl" classname="org.mariadb.jdbc.JdbcParserTest" time="0"/>
  <testcase name="testJdbcParserParameterErrorEqual" classname="org.mariadb.jdbc.JdbcParserTest" time="0.001"/>
  <testcase name="testOptionTakeDefaultAurora" classname="org.mariadb.jdbc.JdbcParserTest" time="0.001"/>
  <testcase name="testOptionParseIntegerNotPossible" classname="org.mariadb.jdbc.JdbcParserTest" time="0"/>
  <testcase name="testJdbcParserReplicationParameterWithoutType" classname="org.mariadb.jdbc.JdbcParserTest" time="0.001"/>
  <testcase name="testSslAlias" classname="org.mariadb.jdbc.JdbcParserTest" time="0"/>
  <testcase name="testOptionTakeDefault" classname="org.mariadb.jdbc.JdbcParserTest" time="0"/>
  <testcase name="testAuroraUseBatchMultiSend" classname="org.mariadb.jdbc.JdbcParserTest" time="0"/>
  <testcase name="checkDisable" classname="org.mariadb.jdbc.JdbcParserTest" time="0"/>
  <testcase name="testOptionParseIntegerMinimum" classname="org.mariadb.jdbc.JdbcParserTest" time="0"/>
  <testcase name="testJdbcParserSimpleIpv4Properties" classname="org.mariadb.jdbc.JdbcParserTest" time="0.001"/>
  <testcase name="testJdbcParserParameter" classname="org.mariadb.jdbc.JdbcParserTest" time="0.009"/>
  <testcase name="checkOtherDriverCompatibility" classname="org.mariadb.jdbc.JdbcParserTest" time="0"/>
  <testcase name="testJdbcParserReplicationParameter" classname="org.mariadb.jdbc.JdbcParserTest" time="0.002"/>
</testsuite>