<?xml version="1.0" encoding="UTF-8"?>
<testsuite name="org.mariadb.jdbc.StoredProcedureTest" time="3.424" tests="40" errors="0" skipped="0" failures="0">
  <properties>
[...]
</properties>
  <testcase name="testHugeNumberOfParameters" classname="org.mariadb.jdbc.StoredProcedureTest" time="0.023"/>
  <testcase name="testCallableStatementFormat" classname="org.mariadb.jdbc.StoredProcedureTest" time="0.001"/>
  <testcase name="testCallableThrowException" classname="org.mariadb.jdbc.StoredProcedureTest" time="0.261"/>
  <testcase name="testCallExecuteErrorBatch" classname="org.mariadb.jdbc.StoredProcedureTest" time="0.002"/>
  <testcase name="testBitSp" classname="org.mariadb.jdbc.StoredProcedureTest" time="0.026"/>
  <testcase name="callProcSendNullInOut" classname="org.mariadb.jdbc.StoredProcedureTest" time="0.043"/>
  <testcase name="testSettingFixedParameter" classname="org.mariadb.jdbc.StoredProcedureTest" time="0.015"/>
  <testcase name="callWithResultSet" classname="org.mariadb.jdbc.StoredProcedureTest" time="0.013"/>
  <testcase name="testMultiResultset" classname="org.mariadb.jdbc.StoredProcedureTest" time="0.015"/>
  <testcase name="callWithStrangeParameter" classname="org.mariadb.jdbc.StoredProcedureTest" time="0.013"/>
  <testcase name="testDefinerCallableStatement" classname="org.mariadb.jdbc.StoredProcedureTest" time="0.039"/>
  <testcase name="callUseParameterName" classname="org.mariadb.jdbc.StoredProcedureTest" time="0.002"/>
  <testcase name="testProcMultiDb" classname="org.mariadb.jdbc.StoredProcedureTest" time="0.048"/>
  <testcase name="callMultiResultSets" classname="org.mariadb.jdbc.StoredProcedureTest" time="0.001"/>
  <testcase name="prepareMultiResultSets" classname="org.mariadb.jdbc.StoredProcedureTest" time="0.001"/>
  <testcase name="meta" classname="org.mariadb.jdbc.StoredProcedureTest" time="0.031"/>
  <testcase name="testOutputObjectType" classname="org.mariadb.jdbc.StoredProcedureTest" time="0.289"/>
  <testcase name="testParameterNumber" classname="org.mariadb.jdbc.StoredProcedureTest" time="0.194"/>
  <testcase name="testResultsetWithInoutParameter" classname="org.mariadb.jdbc.StoredProcedureTest" time="0.127"/>
  <testcase name="testCommentParser" classname="org.mariadb.jdbc.StoredProcedureTest" time="0.255"/>
  <testcase name="testOutputObjectTypeFunction" classname="org.mariadb.jdbc.StoredProcedureTest" time="0.489"/>
  <testcase name="testStreamInOutWithName" classname="org.mariadb.jdbc.StoredProcedureTest" time="0.138"/>
  <testcase name="testProcedureComment" classname="org.mariadb.jdbc.StoredProcedureTest" time="0.018"/>
  <testcase name="testFunctionWithSpace" classname="org.mariadb.jdbc.StoredProcedureTest" time="0.024"/>
  <testcase name="callUseWrongParameterName" classname="org.mariadb.jdbc.StoredProcedureTest" time="0.001"/>
  <testcase name="callInoutParam" classname="org.mariadb.jdbc.StoredProcedureTest" time="0.001"/>
  <testcase name="testFunctionCall" classname="org.mariadb.jdbc.StoredProcedureTest" time="0.06"/>
  <testcase name="testCallableNullSetters" classname="org.mariadb.jdbc.StoredProcedureTest" time="0.096"/>
  <testcase name="testNoParenthesisCall" classname="org.mariadb.jdbc.StoredProcedureTest" time="0.281"/>
  <testcase name="testMetaCatalogNoAccessToProcedureBodies" classname="org.mariadb.jdbc.StoredProcedureTest" time="0.038"/>
  <testcase name="callWithOutParameter" classname="org.mariadb.jdbc.StoredProcedureTest" time="0.015"/>
  <testcase name="testProcDecimalComa" classname="org.mariadb.jdbc.StoredProcedureTest" time="0.017"/>
  <testcase name="testFunctionWith2parameters" classname="org.mariadb.jdbc.StoredProcedureTest" time="0.04"/>
  <testcase name="callFunctionWithNoParameters" classname="org.mariadb.jdbc.StoredProcedureTest" time="0.274"/>
  <testcase name="testSameProcedureWithDifferentParameters" classname="org.mariadb.jdbc.StoredProcedureTest" time="0.058"/>
  <testcase name="callSimple" classname="org.mariadb.jdbc.StoredProcedureTest" time="0.003"/>
  <testcase name="testProcLinefeed" classname="org.mariadb.jdbc.StoredProcedureTest" time="0.121"/>
  <testcase name="testFunctionWithFixedParameters" classname="org.mariadb.jdbc.StoredProcedureTest" time="0.242"/>
  <testcase name="testFunctionWithFixedParameter" classname="org.mariadb.jdbc.StoredProcedureTest" time="0.061"/>
  <testcase name="testCallOtherDb" classname="org.mariadb.jdbc.StoredProcedureTest" time="0.048"/>
</testsuite>