<?xml version="1.0" encoding="UTF-8"?>
<testsuite name="org.mariadb.jdbc.ResultSetUnsupportedMethodsTest" time="0.133" tests="106" errors="0" skipped="0" failures="0">
  <properties>
[...]
</properties>
  <testcase name="testupdateObject2" classname="org.mariadb.jdbc.ResultSetUnsupportedMethodsTest" time="0.003"/>
  <testcase name="testupdateBinaryStream34" classname="org.mariadb.jdbc.ResultSetUnsupportedMethodsTest" time="0.002"/>
  <testcase name="testupdateBinaryStream35" classname="org.mariadb.jdbc.ResultSetUnsupportedMethodsTest" time="0.001"/>
  <testcase name="testupdateBinaryStream36" classname="org.mariadb.jdbc.ResultSetUnsupportedMethodsTest" time="0.001"/>
  <testcase name="testupdateBinaryStream37" classname="org.mariadb.jdbc.ResultSetUnsupportedMethodsTest" time="0.001"/>
  <testcase name="testupdateBinaryStream38" classname="org.mariadb.jdbc.ResultSetUnsupportedMethodsTest" time="0.001"/>
  <testcase name="testupdateBinaryStream39" classname="org.mariadb.jdbc.ResultSetUnsupportedMethodsTest" time="0.001"/>
  <testcase name="testupdateString18" classname="org.mariadb.jdbc.ResultSetUnsupportedMethodsTest" time="0.001"/>
  <testcase name="testupdateString19" classname="org.mariadb.jdbc.ResultSetUnsupportedMethodsTest" time="0.001"/>
  <testcase name="testupdateAsciiStream2" classname="org.mariadb.jdbc.ResultSetUnsupportedMethodsTest" time="0.001"/>
  <testcase name="testupdateBoolean2" classname="org.mariadb.jdbc.ResultSetUnsupportedMethodsTest" time="0.002"/>
  <testcase name="testupdateBoolean3" classname="org.mariadb.jdbc.ResultSetUnsupportedMethodsTest" time="0.007"/>
  <testcase name="testupdateNString68" classname="org.mariadb.jdbc.ResultSetUnsupportedMethodsTest" time="0.002"/>
  <testcase name="testupdateNString69" classname="org.mariadb.jdbc.ResultSetUnsupportedMethodsTest" time="0.001"/>
  <testcase name="testGetArray" classname="org.mariadb.jdbc.ResultSetUnsupportedMethodsTest" time="0.007"/>
  <testcase name="testupdateTimestamp26" classname="org.mariadb.jdbc.ResultSetUnsupportedMethodsTest" time="0.001"/>
  <testcase name="testupdateTimestamp27" classname="org.mariadb.jdbc.ResultSetUnsupportedMethodsTest" time="0.002"/>
  <testcase name="getRowUpdated" classname="org.mariadb.jdbc.ResultSetUnsupportedMethodsTest" time="0.001"/>
  <testcase name="testupdateAsciiStream" classname="org.mariadb.jdbc.ResultSetUnsupportedMethodsTest" time="0.001"/>
  <testcase name="testUpdateRow" classname="org.mariadb.jdbc.ResultSetUnsupportedMethodsTest" time="0.001"/>
  <testcase name="testRowId" classname="org.mariadb.jdbc.ResultSetUnsupportedMethodsTest" time="0.001"/>
  <testcase name="testupdateFloat12" classname="org.mariadb.jdbc.ResultSetUnsupportedMethodsTest" time="0.001"/>
  <testcase name="testupdateFloat13" classname="org.mariadb.jdbc.ResultSetUnsupportedMethodsTest" time="0.001"/>
  <testcase name="testupdateArray64" classname="org.mariadb.jdbc.ResultSetUnsupportedMethodsTest" time="0.001"/>
  <testcase name="testupdateArray65" classname="org.mariadb.jdbc.ResultSetUnsupportedMethodsTest" time="0.001"/>
  <testcase name="testRefreshRow" classname="org.mariadb.jdbc.ResultSetUnsupportedMethodsTest" time="0.001"/>
  <testcase name="testupdateBigDecimal16" classname="org.mariadb.jdbc.ResultSetUnsupportedMethodsTest" time="0.001"/>
  <testcase name="testupdateBigDecimal17" classname="org.mariadb.jdbc.ResultSetUnsupportedMethodsTest" time="0"/>
  <testcase name="testupdateSsqlXml77" classname="org.mariadb.jdbc.ResultSetUnsupportedMethodsTest" time="0"/>
  <testcase name="testupdateCharStream" classname="org.mariadb.jdbc.ResultSetUnsupportedMethodsTest" time="0"/>
  <testcase name="testupdateBlob52" classname="org.mariadb.jdbc.ResultSetUnsupportedMethodsTest" time="0.001"/>
  <testcase name="testupdateBlob53" classname="org.mariadb.jdbc.ResultSetUnsupportedMethodsTest" time="0.001"/>
  <testcase name="testupdateBlob54" classname="org.mariadb.jdbc.ResultSetUnsupportedMethodsTest" time="0.002"/>
  <testcase name="testupdateBlob55" classname="org.mariadb.jdbc.ResultSetUnsupportedMethodsTest" time="0.001"/>
  <testcase name="testupdateBlob56" classname="org.mariadb.jdbc.ResultSetUnsupportedMethodsTest" time="0.001"/>
  <testcase name="testupdateBlob57" classname="org.mariadb.jdbc.ResultSetUnsupportedMethodsTest" time="0"/>
  <testcase name="testupdateClob58" classname="org.mariadb.jdbc.ResultSetUnsupportedMethodsTest" time="0.001"/>
  <testcase name="testupdateClob59" classname="org.mariadb.jdbc.ResultSetUnsupportedMethodsTest" time="0.002"/>
  <testcase name="testupdateClob60" classname="org.mariadb.jdbc.ResultSetUnsupportedMethodsTest" time="0.004"/>
  <testcase name="testupdateClob61" classname="org.mariadb.jdbc.ResultSetUnsupportedMethodsTest" time="0.001"/>
  <testcase name="testupdateClob62" classname="org.mariadb.jdbc.ResultSetUnsupportedMethodsTest" time="0.001"/>
  <testcase name="testupdateClob63" classname="org.mariadb.jdbc.ResultSetUnsupportedMethodsTest" time="0.001"/>
  <testcase name="testupdateDate22" classname="org.mariadb.jdbc.ResultSetUnsupportedMethodsTest" time="0.001"/>
  <testcase name="testupdateDate23" classname="org.mariadb.jdbc.ResultSetUnsupportedMethodsTest" time="0.001"/>
  <testcase name="testGetRef2" classname="org.mariadb.jdbc.ResultSetUnsupportedMethodsTest" time="0.001"/>
  <testcase name="testupdateSqlXml76" classname="org.mariadb.jdbc.ResultSetUnsupportedMethodsTest" time="0.001"/>
  <testcase name="testupdateLong10" classname="org.mariadb.jdbc.ResultSetUnsupportedMethodsTest" time="0.001"/>
  <testcase name="testupdateLong11" classname="org.mariadb.jdbc.ResultSetUnsupportedMethodsTest" time="0.005"/>
  <testcase name="testupdateBinaryStream" classname="org.mariadb.jdbc.ResultSetUnsupportedMethodsTest" time="0.002"/>
  <testcase name="getCursorName" classname="org.mariadb.jdbc.ResultSetUnsupportedMethodsTest" time="0.001"/>
  <testcase name="testupdateObject" classname="org.mariadb.jdbc.ResultSetUnsupportedMethodsTest" time="0.001"/>
  <testcase name="testupdateShort6" classname="org.mariadb.jdbc.ResultSetUnsupportedMethodsTest" time="0.001"/>
  <testcase name="testupdateShort7" classname="org.mariadb.jdbc.ResultSetUnsupportedMethodsTest" time="0.001"/>
  <testcase name="testupdateTime24" classname="org.mariadb.jdbc.ResultSetUnsupportedMethodsTest" time="0.001"/>
  <testcase name="testupdateTime25" classname="org.mariadb.jdbc.ResultSetUnsupportedMethodsTest" time="0.001"/>
  <testcase name="testupdateBytes20" classname="org.mariadb.jdbc.ResultSetUnsupportedMethodsTest" time="0.001"/>
  <testcase name="testupdateBytes21" classname="org.mariadb.jdbc.ResultSetUnsupportedMethodsTest" time="0.002"/>
  <testcase name="getRowDeleted" classname="org.mariadb.jdbc.ResultSetUnsupportedMethodsTest" time="0.001"/>
  <testcase name="testInsertRow" classname="org.mariadb.jdbc.ResultSetUnsupportedMethodsTest" time="0.002"/>
  <testcase name="testDeleteRow" classname="org.mariadb.jdbc.ResultSetUnsupportedMethodsTest" time="0.001"/>
  <testcase name="testupdateNClob70" classname="org.mariadb.jdbc.ResultSetUnsupportedMethodsTest" time="0.001"/>
  <testcase name="testupdateNClob71" classname="org.mariadb.jdbc.ResultSetUnsupportedMethodsTest" time="0.001"/>
  <testcase name="testupdateNClob72" classname="org.mariadb.jdbc.ResultSetUnsupportedMethodsTest" time="0.001"/>
  <testcase name="testupdateNClob73" classname="org.mariadb.jdbc.ResultSetUnsupportedMethodsTest" time="0.002"/>
  <testcase name="testupdateNClob74" classname="org.mariadb.jdbc.ResultSetUnsupportedMethodsTest" time="0.001"/>
  <testcase name="testupdateNClob75" classname="org.mariadb.jdbc.ResultSetUnsupportedMethodsTest" time="0"/>
  <testcase name="getRowInserte" classname="org.mariadb.jdbc.ResultSetUnsupportedMethodsTest" time="0"/>
  <testcase name="testupdateAsciiStream28" classname="org.mariadb.jdbc.ResultSetUnsupportedMethodsTest" time="0"/>
  <testcase name="testupdateAsciiStream29" classname="org.mariadb.jdbc.ResultSetUnsupportedMethodsTest" time="0"/>
  <testcase name="testupdateAsciiStream30" classname="org.mariadb.jdbc.ResultSetUnsupportedMethodsTest" time="0.001"/>
  <testcase name="testupdateAsciiStream31" classname="org.mariadb.jdbc.ResultSetUnsupportedMethodsTest" time="0.001"/>
  <testcase name="testupdateAsciiStream32" classname="org.mariadb.jdbc.ResultSetUnsupportedMethodsTest" time="0.002"/>
  <testcase name="testupdateAsciiStream33" classname="org.mariadb.jdbc.ResultSetUnsupportedMethodsTest" time="0.001"/>
  <testcase name="testupdateObject46" classname="org.mariadb.jdbc.ResultSetUnsupportedMethodsTest" time="0.001"/>
  <testcase name="testupdateObject47" classname="org.mariadb.jdbc.ResultSetUnsupportedMethodsTest" time="0.002"/>
  <testcase name="testupdateObject48" classname="org.mariadb.jdbc.ResultSetUnsupportedMethodsTest" time="0.001"/>
  <testcase name="testupdateObject49" classname="org.mariadb.jdbc.ResultSetUnsupportedMethodsTest" time="0.001"/>
  <testcase name="testupdateRowId66" classname="org.mariadb.jdbc.ResultSetUnsupportedMethodsTest" time="0.001"/>
  <testcase name="testupdateRowId67" classname="org.mariadb.jdbc.ResultSetUnsupportedMethodsTest" time="0.001"/>
  <testcase name="testMoveToCurrentRow" classname="org.mariadb.jdbc.ResultSetUnsupportedMethodsTest" time="0.001"/>
  <testcase name="testMoveToInsertRow" classname="org.mariadb.jdbc.ResultSetUnsupportedMethodsTest" time="0.001"/>
  <testcase name="testupdateInt8" classname="org.mariadb.jdbc.ResultSetUnsupportedMethodsTest" time="0"/>
  <testcase name="testupdateInt9" classname="org.mariadb.jdbc.ResultSetUnsupportedMethodsTest" time="0.001"/>
  <testcase name="testupdateByte4" classname="org.mariadb.jdbc.ResultSetUnsupportedMethodsTest" time="0.001"/>
  <testcase name="testupdateByte5" classname="org.mariadb.jdbc.ResultSetUnsupportedMethodsTest" time="0.001"/>
  <testcase name="testGetRef" classname="org.mariadb.jdbc.ResultSetUnsupportedMethodsTest" time="0.001"/>
  <testcase name="testupdateNull0" classname="org.mariadb.jdbc.ResultSetUnsupportedMethodsTest" time="0.001"/>
  <testcase name="testupdateNull1" classname="org.mariadb.jdbc.ResultSetUnsupportedMethodsTest" time="0"/>
  <testcase name="testupdateRef50" classname="org.mariadb.jdbc.ResultSetUnsupportedMethodsTest" time="0.002"/>
  <testcase name="testupdateRef51" classname="org.mariadb.jdbc.ResultSetUnsupportedMethodsTest" time="0"/>
  <testcase name="testCancelRowUpdates" classname="org.mariadb.jdbc.ResultSetUnsupportedMethodsTest" time="0.001"/>
  <testcase name="testupdateBinaryStream2" classname="org.mariadb.jdbc.ResultSetUnsupportedMethodsTest" time="0.001"/>
  <testcase name="testRowId2" classname="org.mariadb.jdbc.ResultSetUnsupportedMethodsTest" time="0.002"/>
  <testcase name="testupdateNCharacterStream78" classname="org.mariadb.jdbc.ResultSetUnsupportedMethodsTest" time="0.001"/>
  <testcase name="testupdateNCharacterStream79" classname="org.mariadb.jdbc.ResultSetUnsupportedMethodsTest" time="0.001"/>
  <testcase name="testupdateNCharacterStream80" classname="org.mariadb.jdbc.ResultSetUnsupportedMethodsTest" time="0.001"/>
  <testcase name="testupdateNCharacterStream81" classname="org.mariadb.jdbc.ResultSetUnsupportedMethodsTest" time="0.001"/>
  <testcase name="testupdateDouble14" classname="org.mariadb.jdbc.ResultSetUnsupportedMethodsTest" time="0.001"/>
  <testcase name="testupdateDouble15" classname="org.mariadb.jdbc.ResultSetUnsupportedMethodsTest" time="0.001"/>
  <testcase name="testupdateCharStream2" classname="org.mariadb.jdbc.ResultSetUnsupportedMethodsTest" time="0.001"/>
  <testcase name="testupdateCharacterStream40" classname="org.mariadb.jdbc.ResultSetUnsupportedMethodsTest" time="0.003"/>
  <testcase name="testupdateCharacterStream41" classname="org.mariadb.jdbc.ResultSetUnsupportedMethodsTest" time="0.001"/>
  <testcase name="testupdateCharacterStream42" classname="org.mariadb.jdbc.ResultSetUnsupportedMethodsTest" time="0.001"/>
  <testcase name="testupdateCharacterStream43" classname="org.mariadb.jdbc.ResultSetUnsupportedMethodsTest" time="0.001"/>
  <testcase name="testupdateCharacterStream44" classname="org.mariadb.jdbc.ResultSetUnsupportedMethodsTest" time="0.001"/>
  <testcase name="testupdateCharacterStream45" classname="org.mariadb.jdbc.ResultSetUnsupportedMethodsTest" time="0.002"/>
</testsuite>