<?xml version="1.0" encoding="UTF-8"?>
<testsuite name="org.mariadb.jdbc.DriverTest" time="4.658" tests="59" errors="0" skipped="0" failures="0">
  <properties>
[...]
</properties>
  <testcase name="testResultSetPositions" classname="org.mariadb.jdbc.DriverTest" time="0.002"/>
  <testcase name="dumpQueryOnSyntaxException" classname="org.mariadb.jdbc.DriverTest" time="0.002"/>
  <testcase name="testException1" classname="org.mariadb.jdbc.DriverTest" time="0.002"/>
  <testcase name="preparedTest" classname="org.mariadb.jdbc.DriverTest" time="0.003"/>
  <testcase name="testEscapes" classname="org.mariadb.jdbc.DriverTest" time="0.001"/>
  <testcase name="dumpQueryOnException" classname="org.mariadb.jdbc.DriverTest" time="0.581"/>
  <testcase name="mdev3916" classname="org.mariadb.jdbc.DriverTest" time="0.005"/>
  <testcase name="testUpdateCountSingle" classname="org.mariadb.jdbc.DriverTest" time="0.001"/>
  <testcase name="preparedStatementToString" classname="org.mariadb.jdbc.DriverTest" time="0.002"/>
  <testcase name="tableDotColumnInResultSet" classname="org.mariadb.jdbc.DriverTest" time="0.004"/>
  <testcase name="testAliasDataSource" classname="org.mariadb.jdbc.DriverTest" time="0.003"/>
  <testcase name="conj14" classname="org.mariadb.jdbc.DriverTest" time="0.008"/>
  <testcase name="conj25" classname="org.mariadb.jdbc.DriverTest" time="0.166"/>
  <testcase name="streamingResult" classname="org.mariadb.jdbc.DriverTest" time="0.099"/>
  <testcase name="askForBadColumnTest" classname="org.mariadb.jdbc.DriverTest" time="0.007"/>
  <testcase name="sharedMemory" classname="org.mariadb.jdbc.DriverTest" time="0.001"/>
  <testcase name="testAliasReplication" classname="org.mariadb.jdbc.DriverTest" time="0.001"/>
  <testcase name="emptyBatch" classname="org.mariadb.jdbc.DriverTest" time="0.001"/>
  <testcase name="resultSetHoldability" classname="org.mariadb.jdbc.DriverTest" time="0.013"/>
  <testcase name="floatingNumbersTest" classname="org.mariadb.jdbc.DriverTest" time="0.002"/>
  <testcase name="testSyntaxError" classname="org.mariadb.jdbc.DriverTest" time="0.001"/>
  <testcase name="getStatementTest" classname="org.mariadb.jdbc.DriverTest" time="0.001"/>
  <testcase name="testAutocommit" classname="org.mariadb.jdbc.DriverTest" time="0.005"/>
  <testcase name="bigAutoIncTest" classname="org.mariadb.jdbc.DriverTest" time="0.015"/>
  <testcase name="updateTest" classname="org.mariadb.jdbc.DriverTest" time="0.008"/>
  <testcase name="autoInc2Test" classname="org.mariadb.jdbc.DriverTest" time="0.002"/>
  <testcase name="isolationLevel" classname="org.mariadb.jdbc.DriverTest" time="0.004"/>
  <testcase name="isValidTest" classname="org.mariadb.jdbc.DriverTest" time="0.001"/>
  <testcase name="conj1" classname="org.mariadb.jdbc.DriverTest" time="3.126"/>
  <testcase name="connectFailover" classname="org.mariadb.jdbc.DriverTest" time="0.003"/>
  <testcase name="ralfTest" classname="org.mariadb.jdbc.DriverTest" time="0.009"/>
  <testcase name="testExceptionDivByZero" classname="org.mariadb.jdbc.DriverTest" time="0.001"/>
  <testcase name="askForBadColumnIndexTest" classname="org.mariadb.jdbc.DriverTest" time="0.006"/>
  <testcase name="namedPipeWithoutHost" classname="org.mariadb.jdbc.DriverTest" time="0.001"/>
  <testcase name="autoIncTest" classname="org.mariadb.jdbc.DriverTest" time="0.008"/>
  <testcase name="manyColumnsTest" classname="org.mariadb.jdbc.DriverTest" time="0.118"/>
  <testcase name="ansiQuotes" classname="org.mariadb.jdbc.DriverTest" time="0.012"/>
  <testcase name="testConnectWithDb" classname="org.mariadb.jdbc.DriverTest" time="0.008"/>
  <testcase name="checkStreamingWithoutResult" classname="org.mariadb.jdbc.DriverTest" time="0.002"/>
  <testcase name="testUpdateCountMulti" classname="org.mariadb.jdbc.DriverTest" time="0.003"/>
  <testcase name="testPreparedWithNull" classname="org.mariadb.jdbc.DriverTest" time="0.001"/>
  <testcase name="noBackslashEscapes2" classname="org.mariadb.jdbc.DriverTest" time="0.032"/>
  <testcase name="findColumnTest" classname="org.mariadb.jdbc.DriverTest" time="0.003"/>
  <testcase name="unsignedTest" classname="org.mariadb.jdbc.DriverTest" time="0.001"/>
  <testcase name="namedPipeBusyTest" classname="org.mariadb.jdbc.DriverTest" time="0.007"/>
  <testcase name="namedPipe" classname="org.mariadb.jdbc.DriverTest" time="0.001"/>
  <testcase name="transactionTest" classname="org.mariadb.jdbc.DriverTest" time="0.022"/>
  <testcase name="createDbWithSpacesTest" classname="org.mariadb.jdbc.DriverTest" time="0.011"/>
  <testcase name="localSocket" classname="org.mariadb.jdbc.DriverTest" time="0.164"/>
  <testcase name="testPreparedStatementsWithQuotes" classname="org.mariadb.jdbc.DriverTest" time="0.002"/>
  <testcase name="streamingResultSet" classname="org.mariadb.jdbc.DriverTest" time="0.001"/>
  <testcase name="noBackslashEscapes" classname="org.mariadb.jdbc.DriverTest" time="0.007"/>
  <testcase name="testConnectorJurl" classname="org.mariadb.jdbc.DriverTest" time="0.002"/>
  <testcase name="doQuery" classname="org.mariadb.jdbc.DriverTest" time="0.007"/>
  <testcase name="testPreparedStatementsWithComments" classname="org.mariadb.jdbc.DriverTest" time="0.003"/>
  <testcase name="testUpdateCountProcedure" classname="org.mariadb.jdbc.DriverTest" time="0.145"/>
  <testcase name="savepointTest" classname="org.mariadb.jdbc.DriverTest" time="0.005"/>
  <testcase name="bigUpdateCountTest" classname="org.mariadb.jdbc.DriverTest" time="0.005"/>
  <testcase name="badQuery" classname="org.mariadb.jdbc.DriverTest" time="0.001"/>
</testsuite>